<?xml version="1.0" encoding="UTF-8" ?>
<testsuite failures="0" time="0.528" errors="1" skipped="0" tests="1" name="com.restfully.shop.test.OrderResourceTest">
  <properties>
    <property name="java.runtime.name" value="Java(TM) SE Runtime Environment"/>
    <property name="sun.boot.library.path" value="/Library/Java/JavaVirtualMachines/1.6.0_29-b11-402.jdk/Contents/Libraries"/>
    <property name="java.vm.version" value="20.4-b02-402"/>
    <property name="awt.nativeDoubleBuffering" value="true"/>
    <property name="gopherProxySet" value="false"/>
    <property name="mrj.build" value="11M3720"/>
    <property name="java.vm.vendor" value="Apple Inc."/>
    <property name="java.vendor.url" value="http://www.apple.com/"/>
    <property name="path.separator" value=":"/>
    <property name="guice.disable.misplaced.annotation.check" value="true"/>
    <property name="java.vm.name" value="Java HotSpot(TM) 64-Bit Server VM"/>
    <property name="file.encoding.pkg" value="sun.io"/>
    <property name="user.country" value="US"/>
    <property name="sun.java.launcher" value="SUN_STANDARD"/>
    <property name="sun.os.patch.level" value="unknown"/>
    <property name="java.vm.specification.name" value="Java Virtual Machine Specification"/>
    <property name="user.dir" value="/Users/rameshnair/Work/sacredSpace/REST_Starter_09_2"/>
    <property name="java.runtime.version" value="1.6.0_29-b11-402-11M3720"/>
    <property name="java.awt.graphicsenv" value="apple.awt.CGraphicsEnvironment"/>
    <property name="java.endorsed.dirs" value="/Library/Java/JavaVirtualMachines/1.6.0_29-b11-402.jdk/Contents/Home/lib/endorsed"/>
    <property name="os.arch" value="x86_64"/>
    <property name="java.io.tmpdir" value="/var/folders/xn/2c0fqhr963gbkg07brpc5wpw0000gn/T/"/>
    <property name="line.separator" value="
"/>
    <property name="java.vm.specification.vendor" value="Sun Microsystems Inc."/>
    <property name="os.name" value="Mac OS X"/>
    <property name="classworlds.conf" value="/Users/rameshnair/Work/sacredSpace/.metadata/.plugins/org.eclipse.m2e.core/launches/m2conf8512364532194847390.tmp"/>
    <property name="sun.jnu.encoding" value="MacRoman"/>
    <property name="java.library.path" value=".:/Library/Java/Extensions:/System/Library/Java/Extensions:/usr/lib/java"/>
    <property name="java.specification.name" value="Java Platform API Specification"/>
    <property name="java.class.version" value="50.0"/>
    <property name="sun.management.compiler" value="HotSpot 64-Bit Tiered Compilers"/>
    <property name="os.version" value="10.7.4"/>
    <property name="http.nonProxyHosts" value="local|*.local|169.254/16|*.169.254/16"/>
    <property name="user.home" value="/Users/rameshnair"/>
    <property name="user.timezone" value="GMT+05:30"/>
    <property name="java.awt.printerjob" value="apple.awt.CPrinterJob"/>
    <property name="java.specification.version" value="1.6"/>
    <property name="file.encoding" value="MacRoman"/>
    <property name="user.name" value="rameshnair"/>
    <property name="java.class.path" value="/Users/rameshnair/Work/platform/tools/spring3.0.2/sts-3.1.0.RELEASE/configuration/org.eclipse.osgi/bundles/572/1/.cp/jars/plexus-classworlds-2.4.jar"/>
    <property name="java.vm.specification.version" value="1.0"/>
    <property name="sun.arch.data.model" value="64"/>
    <property name="java.home" value="/Library/Java/JavaVirtualMachines/1.6.0_29-b11-402.jdk/Contents/Home"/>
    <property name="sun.java.command" value="org.codehaus.plexus.classworlds.launcher.Launcher -B -s /Users/rameshnair/.m2/settings.xml clean install"/>
    <property name="java.specification.vendor" value="Sun Microsystems Inc."/>
    <property name="user.language" value="en"/>
    <property name="awt.toolkit" value="apple.awt.CToolkit"/>
    <property name="java.vm.info" value="mixed mode"/>
    <property name="java.version" value="1.6.0_29"/>
    <property name="java.ext.dirs" value="/Library/Java/Extensions:/System/Library/Java/Extensions:/Library/Java/JavaVirtualMachines/1.6.0_29-b11-402.jdk/Contents/Home/lib/ext"/>
    <property name="sun.boot.class.path" value="/Library/Java/JavaVirtualMachines/1.6.0_29-b11-402.jdk/Contents/Classes/jsfd.jar:/Library/Java/JavaVirtualMachines/1.6.0_29-b11-402.jdk/Contents/Classes/classes.jar:/System/Library/Frameworks/JavaVM.framework/Frameworks/JavaRuntimeSupport.framework/Resources/Java/JavaRuntimeSupport.jar:/Library/Java/JavaVirtualMachines/1.6.0_29-b11-402.jdk/Contents/Classes/ui.jar:/Library/Java/JavaVirtualMachines/1.6.0_29-b11-402.jdk/Contents/Classes/laf.jar:/Library/Java/JavaVirtualMachines/1.6.0_29-b11-402.jdk/Contents/Classes/sunrsasign.jar:/Library/Java/JavaVirtualMachines/1.6.0_29-b11-402.jdk/Contents/Classes/jsse.jar:/Library/Java/JavaVirtualMachines/1.6.0_29-b11-402.jdk/Contents/Classes/jce.jar:/Library/Java/JavaVirtualMachines/1.6.0_29-b11-402.jdk/Contents/Classes/charsets.jar"/>
    <property name="java.vendor" value="Apple Inc."/>
    <property name="maven.home" value="/Users/rameshnair/Work/sacredSpace/REST_Starter_09_2/EMBEDDED"/>
    <property name="file.separator" value="/"/>
    <property name="java.vendor.url.bug" value="http://bugreport.apple.com/"/>
    <property name="sun.cpu.endian" value="little"/>
    <property name="sun.io.unicode.encoding" value="UnicodeLittle"/>
    <property name="mrj.version" value="1070.1.6.0_29-402"/>
    <property name="socksNonProxyHosts" value="local|*.local|169.254/16|*.169.254/16"/>
    <property name="ftp.nonProxyHosts" value="local|*.local|169.254/16|*.169.254/16"/>
    <property name="sun.cpu.isalist" value=""/>
  </properties>
  <testcase time="0.508" classname="com.restfully.shop.test.OrderResourceTest" name="testCreateCancelPurge">
    <error message="javax.ws.rs.client.ClientException: org.apache.cxf.interceptor.Fault: Could not send Message." type="javax.ws.rs.client.ClientException">javax.ws.rs.client.ClientException: javax.ws.rs.client.ClientException: org.apache.cxf.interceptor.Fault: Could not send Message.
	at org.apache.cxf.jaxrs.client.WebClient.doResponse(WebClient.java:946)
	at org.apache.cxf.jaxrs.client.WebClient.doChainedInvocation(WebClient.java:905)
	at org.apache.cxf.jaxrs.client.WebClient.doInvoke(WebClient.java:772)
	at org.apache.cxf.jaxrs.client.WebClient.doInvoke(WebClient.java:759)
	at org.apache.cxf.jaxrs.client.WebClient.invoke(WebClient.java:273)
	at org.apache.cxf.jaxrs.client.WebClient.head(WebClient.java:307)
	at com.restfully.shop.test.OrderResourceTest.testCreateCancelPurge(OrderResourceTest.java:42)
	at sun.reflect.NativeMethodAccessorImpl.invoke0(Native Method)
	at sun.reflect.NativeMethodAccessorImpl.invoke(NativeMethodAccessorImpl.java:39)
	at sun.reflect.DelegatingMethodAccessorImpl.invoke(DelegatingMethodAccessorImpl.java:25)
	at java.lang.reflect.Method.invoke(Method.java:597)
	at org.junit.internal.runners.TestMethodRunner.executeMethodBody(TestMethodRunner.java:99)
	at org.junit.internal.runners.TestMethodRunner.runUnprotected(TestMethodRunner.java:81)
	at org.junit.internal.runners.BeforeAndAfterRunner.runProtected(BeforeAndAfterRunner.java:34)
	at org.junit.internal.runners.TestMethodRunner.runMethod(TestMethodRunner.java:75)
	at org.junit.internal.runners.TestMethodRunner.run(TestMethodRunner.java:45)
	at org.junit.internal.runners.TestClassMethodsRunner.invokeTestMethod(TestClassMethodsRunner.java:71)
	at org.junit.internal.runners.TestClassMethodsRunner.run(TestClassMethodsRunner.java:35)
	at org.junit.internal.runners.TestClassRunner$1.runUnprotected(TestClassRunner.java:42)
	at org.junit.internal.runners.BeforeAndAfterRunner.runProtected(BeforeAndAfterRunner.java:34)
	at org.junit.internal.runners.TestClassRunner.run(TestClassRunner.java:52)
	at org.apache.maven.surefire.junit4.JUnit4TestSet.execute(JUnit4TestSet.java:53)
	at org.apache.maven.surefire.junit4.JUnit4Provider.executeTestSet(JUnit4Provider.java:123)
	at org.apache.maven.surefire.junit4.JUnit4Provider.invoke(JUnit4Provider.java:104)
	at sun.reflect.NativeMethodAccessorImpl.invoke0(Native Method)
	at sun.reflect.NativeMethodAccessorImpl.invoke(NativeMethodAccessorImpl.java:39)
	at sun.reflect.DelegatingMethodAccessorImpl.invoke(DelegatingMethodAccessorImpl.java:25)
	at java.lang.reflect.Method.invoke(Method.java:597)
	at org.apache.maven.surefire.util.ReflectionUtils.invokeMethodWithArray(ReflectionUtils.java:164)
	at org.apache.maven.surefire.booter.ProviderFactory$ProviderProxy.invoke(ProviderFactory.java:110)
	at org.apache.maven.surefire.booter.SurefireStarter.invokeProvider(SurefireStarter.java:175)
	at org.apache.maven.surefire.booter.SurefireStarter.runSuitesInProcessWhenForked(SurefireStarter.java:107)
	at org.apache.maven.surefire.booter.ForkedBooter.main(ForkedBooter.java:68)
Caused by: javax.ws.rs.client.ClientException: org.apache.cxf.interceptor.Fault: Could not send Message.
	at org.apache.cxf.jaxrs.client.AbstractClient.checkClientException(AbstractClient.java:522)
	at org.apache.cxf.jaxrs.client.AbstractClient.preProcessResult(AbstractClient.java:508)
	at org.apache.cxf.jaxrs.client.WebClient.doResponse(WebClient.java:941)
	... 32 more
Caused by: org.apache.cxf.interceptor.Fault: Could not send Message.
	at org.apache.cxf.interceptor.MessageSenderInterceptor$MessageSenderEndingInterceptor.handleMessage(MessageSenderInterceptor.java:64)
	at org.apache.cxf.phase.PhaseInterceptorChain.doIntercept(PhaseInterceptorChain.java:271)
	at org.apache.cxf.jaxrs.client.AbstractClient.doRunInterceptorChain(AbstractClient.java:577)
	at org.apache.cxf.jaxrs.client.WebClient.doChainedInvocation(WebClient.java:904)
	... 31 more
Caused by: java.net.ConnectException: ConnectException invoking http://localhost:9095/shop: Connection refused
	at sun.reflect.NativeConstructorAccessorImpl.newInstance0(Native Method)
	at sun.reflect.NativeConstructorAccessorImpl.newInstance(NativeConstructorAccessorImpl.java:39)
	at sun.reflect.DelegatingConstructorAccessorImpl.newInstance(DelegatingConstructorAccessorImpl.java:27)
	at java.lang.reflect.Constructor.newInstance(Constructor.java:513)
	at org.apache.cxf.transport.http.HTTPConduit$WrappedOutputStream.mapException(HTTPConduit.java:1336)
	at org.apache.cxf.transport.http.HTTPConduit$WrappedOutputStream.close(HTTPConduit.java:1320)
	at org.apache.cxf.transport.AbstractConduit.close(AbstractConduit.java:56)
	at org.apache.cxf.transport.http.HTTPConduit.close(HTTPConduit.java:622)
	at org.apache.cxf.interceptor.MessageSenderInterceptor$MessageSenderEndingInterceptor.handleMessage(MessageSenderInterceptor.java:62)
	... 34 more
Caused by: java.net.ConnectException: Connection refused
	at java.net.PlainSocketImpl.socketConnect(Native Method)
	at java.net.PlainSocketImpl.doConnect(PlainSocketImpl.java:351)
	at java.net.PlainSocketImpl.connectToAddress(PlainSocketImpl.java:213)
	at java.net.PlainSocketImpl.connect(PlainSocketImpl.java:200)
	at java.net.SocksSocketImpl.connect(SocksSocketImpl.java:432)
	at java.net.Socket.connect(Socket.java:529)
	at sun.net.NetworkClient.doConnect(NetworkClient.java:158)
	at sun.net.www.http.HttpClient.openServer(HttpClient.java:395)
	at sun.net.www.http.HttpClient.openServer(HttpClient.java:530)
	at sun.net.www.http.HttpClient.&lt;init&gt;(HttpClient.java:234)
	at sun.net.www.http.HttpClient.New(HttpClient.java:307)
	at sun.net.www.http.HttpClient.New(HttpClient.java:324)
	at sun.net.www.protocol.http.HttpURLConnection.getNewHttpClient(HttpURLConnection.java:970)
	at sun.net.www.protocol.http.HttpURLConnection.plainConnect(HttpURLConnection.java:911)
	at sun.net.www.protocol.http.HttpURLConnection.connect(HttpURLConnection.java:836)
	at sun.net.www.protocol.http.HttpURLConnection.getInputStream(HttpURLConnection.java:1172)
	at java.net.HttpURLConnection.getResponseCode(HttpURLConnection.java:379)
	at org.apache.cxf.transport.http.URLConnectionHTTPConduit$URLConnectionWrappedOutputStream.getResponseCode(URLConnectionHTTPConduit.java:248)
	at org.apache.cxf.transport.http.HTTPConduit$WrappedOutputStream.handleResponseInternal(HTTPConduit.java:1515)
	at org.apache.cxf.transport.http.HTTPConduit$WrappedOutputStream.handleResponse(HTTPConduit.java:1488)
	at org.apache.cxf.transport.http.HTTPConduit$WrappedOutputStream.close(HTTPConduit.java:1307)
	... 37 more
</error>
    <system-err>Jan 18, 2013 1:32:54 PM org.apache.cxf.phase.PhaseInterceptorChain doDefaultLogging
WARNING: Interceptor for {http://localhost:9095/shop}WebClient has thrown exception, unwinding now
org.apache.cxf.interceptor.Fault: Could not send Message.
	at org.apache.cxf.interceptor.MessageSenderInterceptor$MessageSenderEndingInterceptor.handleMessage(MessageSenderInterceptor.java:64)
	at org.apache.cxf.phase.PhaseInterceptorChain.doIntercept(PhaseInterceptorChain.java:271)
	at org.apache.cxf.jaxrs.client.AbstractClient.doRunInterceptorChain(AbstractClient.java:577)
	at org.apache.cxf.jaxrs.client.WebClient.doChainedInvocation(WebClient.java:904)
	at org.apache.cxf.jaxrs.client.WebClient.doInvoke(WebClient.java:772)
	at org.apache.cxf.jaxrs.client.WebClient.doInvoke(WebClient.java:759)
	at org.apache.cxf.jaxrs.client.WebClient.invoke(WebClient.java:273)
	at org.apache.cxf.jaxrs.client.WebClient.head(WebClient.java:307)
	at com.restfully.shop.test.OrderResourceTest.testCreateCancelPurge(OrderResourceTest.java:42)
	at sun.reflect.NativeMethodAccessorImpl.invoke0(Native Method)
	at sun.reflect.NativeMethodAccessorImpl.invoke(NativeMethodAccessorImpl.java:39)
	at sun.reflect.DelegatingMethodAccessorImpl.invoke(DelegatingMethodAccessorImpl.java:25)
	at java.lang.reflect.Method.invoke(Method.java:597)
	at org.junit.internal.runners.TestMethodRunner.executeMethodBody(TestMethodRunner.java:99)
	at org.junit.internal.runners.TestMethodRunner.runUnprotected(TestMethodRunner.java:81)
	at org.junit.internal.runners.BeforeAndAfterRunner.runProtected(BeforeAndAfterRunner.java:34)
	at org.junit.internal.runners.TestMethodRunner.runMethod(TestMethodRunner.java:75)
	at org.junit.internal.runners.TestMethodRunner.run(TestMethodRunner.java:45)
	at org.junit.internal.runners.TestClassMethodsRunner.invokeTestMethod(TestClassMethodsRunner.java:71)
	at org.junit.internal.runners.TestClassMethodsRunner.run(TestClassMethodsRunner.java:35)
	at org.junit.internal.runners.TestClassRunner$1.runUnprotected(TestClassRunner.java:42)
	at org.junit.internal.runners.BeforeAndAfterRunner.runProtected(BeforeAndAfterRunner.java:34)
	at org.junit.internal.runners.TestClassRunner.run(TestClassRunner.java:52)
	at org.apache.maven.surefire.junit4.JUnit4TestSet.execute(JUnit4TestSet.java:53)
	at org.apache.maven.surefire.junit4.JUnit4Provider.executeTestSet(JUnit4Provider.java:123)
	at org.apache.maven.surefire.junit4.JUnit4Provider.invoke(JUnit4Provider.java:104)
	at sun.reflect.NativeMethodAccessorImpl.invoke0(Native Method)
	at sun.reflect.NativeMethodAccessorImpl.invoke(NativeMethodAccessorImpl.java:39)
	at sun.reflect.DelegatingMethodAccessorImpl.invoke(DelegatingMethodAccessorImpl.java:25)
	at java.lang.reflect.Method.invoke(Method.java:597)
	at org.apache.maven.surefire.util.ReflectionUtils.invokeMethodWithArray(ReflectionUtils.java:164)
	at org.apache.maven.surefire.booter.ProviderFactory$ProviderProxy.invoke(ProviderFactory.java:110)
	at org.apache.maven.surefire.booter.SurefireStarter.invokeProvider(SurefireStarter.java:175)
	at org.apache.maven.surefire.booter.SurefireStarter.runSuitesInProcessWhenForked(SurefireStarter.java:107)
	at org.apache.maven.surefire.booter.ForkedBooter.main(ForkedBooter.java:68)
Caused by: java.net.ConnectException: ConnectException invoking http://localhost:9095/shop: Connection refused
	at sun.reflect.NativeConstructorAccessorImpl.newInstance0(Native Method)
	at sun.reflect.NativeConstructorAccessorImpl.newInstance(NativeConstructorAccessorImpl.java:39)
	at sun.reflect.DelegatingConstructorAccessorImpl.newInstance(DelegatingConstructorAccessorImpl.java:27)
	at java.lang.reflect.Constructor.newInstance(Constructor.java:513)
	at org.apache.cxf.transport.http.HTTPConduit$WrappedOutputStream.mapException(HTTPConduit.java:1336)
	at org.apache.cxf.transport.http.HTTPConduit$WrappedOutputStream.close(HTTPConduit.java:1320)
	at org.apache.cxf.transport.AbstractConduit.close(AbstractConduit.java:56)
	at org.apache.cxf.transport.http.HTTPConduit.close(HTTPConduit.java:622)
	at org.apache.cxf.interceptor.MessageSenderInterceptor$MessageSenderEndingInterceptor.handleMessage(MessageSenderInterceptor.java:62)
	... 34 more
Caused by: java.net.ConnectException: Connection refused
	at java.net.PlainSocketImpl.socketConnect(Native Method)
	at java.net.PlainSocketImpl.doConnect(PlainSocketImpl.java:351)
	at java.net.PlainSocketImpl.connectToAddress(PlainSocketImpl.java:213)
	at java.net.PlainSocketImpl.connect(PlainSocketImpl.java:200)
	at java.net.SocksSocketImpl.connect(SocksSocketImpl.java:432)
	at java.net.Socket.connect(Socket.java:529)
	at sun.net.NetworkClient.doConnect(NetworkClient.java:158)
	at sun.net.www.http.HttpClient.openServer(HttpClient.java:395)
	at sun.net.www.http.HttpClient.openServer(HttpClient.java:530)
	at sun.net.www.http.HttpClient.&lt;init&gt;(HttpClient.java:234)
	at sun.net.www.http.HttpClient.New(HttpClient.java:307)
	at sun.net.www.http.HttpClient.New(HttpClient.java:324)
	at sun.net.www.protocol.http.HttpURLConnection.getNewHttpClient(HttpURLConnection.java:970)
	at sun.net.www.protocol.http.HttpURLConnection.plainConnect(HttpURLConnection.java:911)
	at sun.net.www.protocol.http.HttpURLConnection.connect(HttpURLConnection.java:836)
	at sun.net.www.protocol.http.HttpURLConnection.getInputStream(HttpURLConnection.java:1172)
	at java.net.HttpURLConnection.getResponseCode(HttpURLConnection.java:379)
	at org.apache.cxf.transport.http.URLConnectionHTTPConduit$URLConnectionWrappedOutputStream.getResponseCode(URLConnectionHTTPConduit.java:248)
	at org.apache.cxf.transport.http.HTTPConduit$WrappedOutputStream.handleResponseInternal(HTTPConduit.java:1515)
	at org.apache.cxf.transport.http.HTTPConduit$WrappedOutputStream.handleResponse(HTTPConduit.java:1488)
	at org.apache.cxf.transport.http.HTTPConduit$WrappedOutputStream.close(HTTPConduit.java:1307)
	... 37 more
</system-err>
  </testcase>
</testsuite>